<?xml version="1.0" encoding="UTF-8"?>
<!-- Generated by org.testng.reporters.JUnitReportReporter -->
<testsuite hostname="A" failures="0" tests="1" name="tests.TwoTest" time="25.611" errors="0" timestamp="2023-01-26T06:27:06 PST" skipped="0">
  <testcase classname="tests.TwoTest" name="twoTest" time="25.611"/>
  <system-out/>
</testsuite> <!-- tests.TwoTest -->
