<?xml version="1.0" encoding="UTF-8"?>
<!-- Generated by org.testng.reporters.JUnitReportReporter -->
<testsuite hostname="A" failures="0" tests="2" name="tests.TestLogin" time="60.485" errors="0" timestamp="2023-01-25T10:26:26 PST" skipped="0">
  <testcase classname="tests.TestLogin" name="login" time="15.822"/>
  <system-out/>
  <testcase classname="tests.TestLogin" name="login" time="44.663"/>
  <system-out/>
</testsuite> <!-- tests.TestLogin -->
