<?xml version="1.0" encoding="UTF-8"?>
<!-- Generated by org.testng.reporters.JUnitReportReporter -->
<testsuite hostname="A" failures="0" tests="1" name="tests.TwoTest" time="25.310" errors="0" timestamp="2023-01-25T10:26:26 PST" skipped="0">
  <testcase classname="tests.TwoTest" name="twoTest" time="25.310"/>
  <system-out/>
</testsuite> <!-- tests.TwoTest -->
