<?xml version="1.0" encoding="UTF-8"?>
<!-- Generated by org.testng.reporters.JUnitReportReporter -->
<testsuite hostname="A" failures="0" tests="1" name="tests.FourTest" time="0.017" errors="0" timestamp="2023-01-23T10:11:01 PST" skipped="0">
  <testcase classname="tests.FourTest" name="fourTest" time="0.017"/>
  <system-out/>
</testsuite> <!-- tests.FourTest -->
