<?xml version="1.0" encoding="UTF-8"?>
<!-- Generated by org.testng.reporters.JUnitReportReporter -->
<testsuite hostname="A" failures="0" tests="2" name="tests.TestLogin" time="47.853" errors="0" timestamp="2023-01-23T10:11:01 PST" skipped="0">
  <testcase classname="tests.TestLogin" name="login" time="25.622"/>
  <system-out/>
  <testcase classname="tests.TestLogin" name="login" time="22.231"/>
  <system-out/>
</testsuite> <!-- tests.TestLogin -->
