<?xml version="1.0" encoding="UTF-8"?>
<!-- Generated by org.testng.reporters.JUnitReportReporter -->
<testsuite hostname="A" failures="0" tests="1" name="tests.TwoTest" time="0.002" errors="0" timestamp="2023-01-23T10:11:01 PST" skipped="0">
  <testcase classname="tests.TwoTest" name="twoTest" time="0.002"/>
  <system-out/>
</testsuite> <!-- tests.TwoTest -->
